\BOOKMARK [0][-]{part.1}{\376\377\000I\000\040\000A\000b\000o\000u\000t\000\040\000t\000h\000e\000\040\000I\000T\000\040\000p\000r\000o\000j\000e\000c\000t}{}% 1
\BOOKMARK [1][-]{section.1}{\376\377\000I\000n\000t\000r\000o\000d\000u\000c\000t\000i\000o\000n\000,\000\040\000p\000u\000r\000p\000o\000s\000e\000\040\000a\000n\000d\000\040\000f\000r\000a\000m\000e}{part.1}% 2
\BOOKMARK [1][-]{section.2}{\376\377\000S\000p\000e\000c\000i\000f\000i\000c\000a\000t\000i\000o\000n\000\040\000r\000e\000q\000u\000i\000r\000e\000m\000e\000n\000t\000s}{part.1}% 3
\BOOKMARK [2][-]{subsection.2.1}{\376\377\000F\000u\000n\000c\000t\000i\000o\000n\000a\000l\000\040\000r\000e\000q\000u\000i\000r\000e\000m\000e\000n\000t\000s}{section.2}% 4
\BOOKMARK [2][-]{subsection.2.2}{\376\377\000N\000o\000n\000-\000f\000u\000n\000c\000t\000i\000o\000n\000a\000l\000\040\000r\000e\000q\000u\000i\000r\000e\000m\000e\000n\000t\000s}{section.2}% 5
\BOOKMARK [2][-]{subsection.2.3}{\376\377\000U\000s\000e\000\040\000c\000a\000s\000e\000\040\000o\000v\000e\000r\000v\000i\000e\000w}{section.2}% 6
\BOOKMARK [2][-]{subsection.2.4}{\376\377\000U\000s\000e\000\040\000C\000a\000s\000e\000s}{section.2}% 7
\BOOKMARK [3][-]{subsubsection.2.4.1}{\376\377\000U\000s\000e\000\040\000c\000a\000s\000e\000\040\0001\000:\000\040\000F\000i\000n\000d\000E\000m\000p\000l\000o\000y\000e\000e\000I\000n\000L\000i\000s\000t}{subsection.2.4}% 8
\BOOKMARK [3][-]{subsubsection.2.4.2}{\376\377\000U\000s\000e\000\040\000c\000a\000s\000e\000\040\0002\000:\000\040\000G\000o\000B\000a\000c\000k}{subsection.2.4}% 9
\BOOKMARK [3][-]{subsubsection.2.4.3}{\376\377\000U\000s\000e\000\040\000c\000a\000s\000e\000\040\0003\000:\000\040\000S\000e\000a\000r\000c\000h\000E\000m\000p\000l\000o\000y\000e\000e\000L\000i\000s\000t}{subsection.2.4}% 10
\BOOKMARK [2][-]{subsection.2.5}{\376\377\000C\000l\000a\000s\000s\000\040\000d\000i\000a\000g\000r\000a\000m}{section.2}% 11
\BOOKMARK [2][-]{subsection.2.6}{\376\377\000S\000e\000q\000u\000e\000n\000c\000e\000\040\000D\000i\000a\000g\000r\000a\000m\000s}{section.2}% 12
\BOOKMARK [3][-]{subsubsection.2.6.1}{\376\377\000S\000e\000q\000u\000e\000n\000c\000e\000\040\000d\000i\000a\000g\000r\000a\000m\000\040\0001\000:\000\040\000F\000i\000n\000d\000E\000m\000p\000l\000o\000y\000e\000e\000I\000n\000L\000i\000s\000t}{subsection.2.6}% 13
\BOOKMARK [3][-]{subsubsection.2.6.2}{\376\377\000S\000e\000q\000u\000e\000n\000c\000e\000\040\000d\000i\000a\000g\000r\000a\000m\000\040\0002\000:\000\040\000G\000o\000B\000a\000c\000k}{subsection.2.6}% 14
\BOOKMARK [3][-]{subsubsection.2.6.3}{\376\377\000S\000e\000q\000u\000e\000n\000c\000e\000\040\000d\000i\000a\000g\000r\000a\000m\000\040\0003\000:\000\040\000S\000e\000a\000r\000c\000h\000E\000m\000p\000l\000o\000y\000e\000e\000L\000i\000s\000t}{subsection.2.6}% 15
\BOOKMARK [1][-]{section.3}{\376\377\000S\000y\000s\000t\000e\000m\000\040\000d\000e\000s\000i\000g\000n}{part.1}% 16
\BOOKMARK [1][-]{section.4}{\376\377\000P\000r\000o\000g\000r\000a\000m\000\040\000a\000n\000d\000\040\000s\000y\000s\000t\000e\000m\000\040\000t\000e\000s\000t}{part.1}% 17
\BOOKMARK [1][-]{section.5}{\376\377\000G\000U\000I\000\040\000a\000n\000d\000\040\000i\000n\000t\000e\000r\000a\000c\000t\000i\000o\000n\000\040\000d\000e\000s\000i\000g\000n}{part.1}% 18
\BOOKMARK [2][-]{subsection.5.1}{\376\377\000U\000s\000e\000r\000\040\000I\000n\000t\000e\000r\000f\000a\000c\000e}{section.5}% 19
\BOOKMARK [3][-]{subsubsection.5.1.1}{\376\377\000E\000m\000p\000l\000o\000y\000e\000e\000\040\000L\000i\000s\000t}{subsection.5.1}% 20
\BOOKMARK [3][-]{subsubsection.5.1.2}{\376\377\000S\000e\000a\000r\000c\000h\000i\000n\000g\000\040\000a\000n\000\040\000E\000m\000p\000l\000o\000y\000e\000e\000\040\000L\000i\000s\000t}{subsection.5.1}% 21
\BOOKMARK [3][-]{subsubsection.5.1.3}{\376\377\000D\000e\000p\000a\000r\000t\000m\000e\000n\000t\000\040\000L\000i\000s\000t}{subsection.5.1}% 22
\BOOKMARK [3][-]{subsubsection.5.1.4}{\376\377\000E\000m\000p\000l\000o\000y\000e\000e\000\040\000P\000r\000o\000f\000i\000l\000e}{subsection.5.1}% 23
\BOOKMARK [2][-]{subsection.5.2}{\376\377\000U\000s\000e\000r\000\040\000I\000n\000t\000e\000r\000a\000c\000t\000i\000o\000n\000\040\000D\000i\000a\000g\000r\000a\000m}{section.5}% 24
\BOOKMARK [2][-]{subsection.5.3}{\376\377\000T\000h\000i\000n\000k\000-\000a\000l\000o\000u\000d\000\040\000e\000x\000p\000e\000r\000i\000m\000e\000n\000t}{section.5}% 25
\BOOKMARK [1][-]{section.6}{\376\377\000A\000u\000d\000i\000o\000/\000V\000i\000s\000u\000a\000l\000\040\000p\000r\000e\000s\000e\000n\000t\000a\000t\000i\000o\000n}{part.1}% 26
\BOOKMARK [1][-]{section.7}{\376\377\000I\000m\000p\000l\000e\000m\000e\000n\000t\000a\000t\000i\000o\000n\000\040\000o\000f\000\040\000t\000h\000e\000\040\000p\000a\000r\000s\000e\000r}{part.1}% 27
\BOOKMARK [0][-]{part.2}{\376\377\000I\000I\000\040\000A\000b\000o\000u\000t\000\040\000c\000o\000l\000l\000a\000b\000o\000r\000a\000t\000i\000o\000n\000\040\000w\000i\000t\000h\000\040\000u\000s\000e\000r\000s\000\040\000a\000n\000d\000\040\000w\000i\000t\000h\000i\000n\000\040\000t\000h\000e\000\040\000t\000e\000a\000m}{}% 28
\BOOKMARK [1][-]{section.8}{\376\377\000S\000c\000h\000e\000m\000a\000t\000i\000c\000\040\000c\000o\000u\000r\000s\000e\000\040\000o\000f\000\040\000e\000v\000e\000n\000t\000s\000\040}{part.2}% 29
\BOOKMARK [1][-]{section.9}{\376\377\000P\000a\000r\000t\000i\000e\000s\000\040\000i\000n\000v\000o\000l\000v\000e\000d\000\040\000i\000n\000\040\000t\000h\000e\000\040\000p\000r\000o\000j\000e\000c\000t}{part.2}% 30
\BOOKMARK [1][-]{section.10}{\376\377\000T\000e\000a\000m\000\040\000c\000o\000l\000l\000a\000b\000o\000r\000a\000t\000i\000o\000n}{part.2}% 31
\BOOKMARK [1][-]{section.11}{\376\377\000S\000t\000r\000e\000n\000g\000t\000h\000\040\000a\000n\000d\000\040\000w\000e\000a\000k\000n\000e\000s\000s\000'\000s\000\040\000i\000n\000\040\000t\000h\000e\000\040\000p\000l\000a\000n\000n\000i\000n\000g}{part.2}% 32
\BOOKMARK [1][-]{section.12}{\376\377\000S\000u\000g\000g\000e\000s\000t\000i\000o\000n\000s\000\040\000f\000o\000r\000\040\000i\000m\000p\000r\000o\000v\000e\000m\000e\000n\000t}{part.2}% 33
\BOOKMARK [0][-]{part.3}{\376\377\000I\000I\000I\000\040\000A\000r\000t\000i\000c\000l\000e\000\040\000d\000i\000s\000c\000u\000s\000s\000i\000o\000n}{}% 34
\BOOKMARK [1][-]{section.13}{\376\377\000L\000i\000t\000e\000r\000a\000t\000u\000r\000e\000\040\000r\000e\000v\000i\000e\000w}{part.3}% 35
\BOOKMARK [2][-]{subsection.13.1}{\376\377\000P\000r\000o\000g\000r\000a\000m\000m\000i\000n\000g\000\040\000a\000s\000\040\000t\000h\000e\000o\000r\000y\000\040\000b\000u\000i\000l\000d\000i\000n\000g}{section.13}% 36
\BOOKMARK [2][-]{subsection.13.2}{\376\377\000T\000h\000e\000\040\000M\000.\000A\000.\000D\000.\000\040\000E\000x\000p\000e\000r\000i\000e\000n\000c\000e}{section.13}% 37
\BOOKMARK [1][-]{appendix.A}{\376\377\000T\000e\000s\000t\000\040\000p\000l\000a\000n}{part.3}% 38
\BOOKMARK [2][-]{subsection.A.1}{\376\377\000I\000n\000t\000r\000o\000d\000u\000c\000t\000i\000o\000n}{appendix.A}% 39
\BOOKMARK [2][-]{subsection.A.2}{\376\377\000R\000e\000l\000a\000t\000i\000o\000n\000s\000h\000i\000p\000\040\000t\000o\000\040\000o\000t\000h\000e\000r\000\040\000d\000o\000c\000u\000m\000e\000n\000t\000s}{appendix.A}% 40
\BOOKMARK [2][-]{subsection.A.3}{\376\377\000F\000e\000a\000t\000u\000r\000e\000s\000\040\000t\000o\000\040\000b\000e\000\040\000t\000e\000s\000t\000e\000d\000/\000n\000o\000t\000\040\000t\000o\000\040\000b\000e\000\040\000t\000e\000s\000t\000e\000d}{appendix.A}% 41
\BOOKMARK [2][-]{subsection.A.4}{\376\377\000A\000p\000p\000r\000o\000a\000c\000h}{appendix.A}% 42
\BOOKMARK [1][-]{appendix.B}{\376\377\000M\000o\000d\000e\000l\000H\000a\000n\000d\000l\000e\000r\000T\000e\000s\000t\000s}{part.3}% 43
\BOOKMARK [2][-]{subsection.B.1}{\376\377\000T\000e\000s\000t\000\040\000i\000t\000e\000m\000s}{appendix.B}% 44
\BOOKMARK [2][-]{subsection.B.2}{\376\377\000I\000n\000p\000u\000t\000\040\000s\000p\000e\000c\000i\000f\000i\000c\000a\000t\000i\000o\000n\000s}{appendix.B}% 45
\BOOKMARK [2][-]{subsection.B.3}{\376\377\000O\000u\000t\000p\000u\000t\000\040\000s\000p\000e\000c\000i\000f\000i\000c\000a\000t\000i\000o\000n\000s}{appendix.B}% 46
\BOOKMARK [2][-]{subsection.B.4}{\376\377\000E\000n\000v\000i\000r\000o\000n\000m\000e\000n\000t\000a\000l\000\040\000n\000e\000e\000d\000s}{appendix.B}% 47
\BOOKMARK [1][-]{appendix.C}{\376\377\000D\000a\000t\000a\000S\000o\000u\000r\000c\000e\000T\000e\000s\000t\000s}{part.3}% 48
\BOOKMARK [2][-]{subsection.C.1}{\376\377\000T\000e\000s\000t\000\040\000i\000t\000e\000m\000s}{appendix.C}% 49
\BOOKMARK [2][-]{subsection.C.2}{\376\377\000I\000n\000p\000u\000t\000\040\000s\000p\000e\000c\000i\000f\000i\000c\000a\000t\000i\000o\000n\000s}{appendix.C}% 50
\BOOKMARK [2][-]{subsection.C.3}{\376\377\000O\000u\000t\000p\000u\000t\000\040\000s\000p\000e\000c\000i\000f\000i\000c\000a\000t\000i\000o\000n\000s}{appendix.C}% 51
\BOOKMARK [2][-]{subsection.C.4}{\376\377\000E\000n\000v\000i\000r\000o\000n\000m\000e\000n\000t\000a\000l\000\040\000n\000e\000e\000d\000s}{appendix.C}% 52
\BOOKMARK [1][-]{appendix.D}{\376\377\000T\000e\000s\000t\000\040\000s\000u\000m\000m\000a\000r\000y}{part.3}% 53
